An Nc 
 
Am Nc Cp Af Punct 
Dm R Punct Nc Cp Punct 
Nc Punct 
R Nc Punct 
Nc R Nc Punct 
Cp Pn Nc R Nc Punct 
Cp Pn Nc Dl Punct 
Cp Pn Cp R Af Nc Cp R An Nc Punct 
Vni Nc Punct Pr Vxi Vpi Tx Vpp Punct 
Vni Punct Pr Vxi Vpi Tx Vpp Punct 
Dd Nc Punct R Pr Tn Vpi Tx Pn Punct 
Cs Nc Dl Punct Tx Vpp Punct 
Cs Nc Dl Punct Tx Vpp Punct 
Cs R Nc Punct Tx Pp R R Nc R R Punct R Nc Punct R Nc Punct Te R Nc R Nc Punct Pr Pp Nc Punct 
Dd Pf Punct Pp Punct 
Pi Punct 
Pc Nc Vpi Nc Punct 
Pd Vxi Nc R Nc Punct Pp Vxi Am Nc Cp Vni Tx Vpp Nc R Ps Nc Punct 
Pp R Punct Punct Af Cp Af Punct 
Nc Vxi Nc Punct 
Cc Nc Tn Vpi Tx Vxi Pc Punct 
Nc Vni Tx Vyp Af Punct Tx Vyp Af Punct 
Dq Vpi R Nc Cp Vpi Nc R Nc Punct 
Vni Nc Cp Vni Punct R Pr Tx Vpi Nc Ps Punct 
Pn Punct R Pf Nc R Nc Punct 
Cp Mc Nc Punct Pc Nc Vpi Nc Punct 
Nc Vpp Dm Cp Nc R Af Nc Punct 
Nc Punct Nc Punct Nc Punct Nc Punct Nc Cp R Nc Punct 
Nc Tn Vxi Dm Am Punct 
Af Nc Punct Cp Vpi Dt Tx R Nc Cp Punct 
Vni Tx Nc Nc Punct Tx Vpp Pc A Nc Nc Punct 
Cp Cs Pp Vpp Punct Tx Pp Vpp R Dq Nc A Punct R Dq Nc A Punct 
Pp Af Nc Punct 
Tx Cp Nc R Nc Punct Tx Vpp Pc Ps Punct Cc Tx Vpi Tx Pp Vpi Dt Cp Dt Punct 
Tx Nc R Nc Punct Cs Vpp Nc Ps Punct 
Cp Tx Vni A Nc R An Punct 
Tx Pp R Nc Cp Tx Pp R An Nc Punct 
Dq Pd Pp Tx Vpi Tx Pp Vpi R Cp Punct 
Cc R Nc Vni Tx Vpp R Ps Nc Punct 
Nc Vxi Punct 
Vni Tx Vpp Punct 
Dl Punct Pp Vpp Nc R Nc Cp Vpp Punct 
Punct Tx Vyp Nc Punct 
Cp Nc Punct 
Mc Nc Tx Np R Nc Mo Nc Punct Pr Nc Tx Vyp Punct 
Pd Vpi Nc R A Nc Punct Vpp R Nc Dt Punct 
An An Nc Te Tx Vpp R Nc Cp Nc Punct 
A Nc Vpi Tx Vpi Cp Nc Punct 
Vpi Nc R Nc 
R Nc R Nc Cp Np Pp Vpi Tx Vpi R Nc R Nc R Nc R A A Nc Punct 
R Nc Nc R Nc R Punct Nc Punct Vpi Nc Punct 
Pp Dd Vni Nc Tx Vpi R An Ps Nc Cp R Pd Pp Vpi Np Punct 
Hm Te Vpi Nc Tx Vxi Dq R Ps Nc Punct 
Cp Nc Punct Cp Nc Tx Vpi Nc R A Nc Vpp Am Nc Dt Punct 
Nc Vpi R Mc Punct Mc Nc R Np 
Am Ps Am Nc Vpp R Mc R Mc Nc R Np R Ps Nc Punct 
Nc Vpp Punct Np Punct Np Cp Punct 
R Nc Tn Vxi Dq R A Nc R Punct 
Am Vxi R Nc Punct Cs Vpi Am Nc Cp Vpi Tx Pc Nc Punct Pr Vxi Punct Vpp R Punct Np Punct Nc R Nc Np Punct 
Punct Vpi Pf Nc R Nc R Nc Punct 
Np Pp R Nc R Np 
Am Nc Np Vpp Am R Nc R R Nc Punct Nc R Mc Punct Mc R Ps Punct 
Punct Vpi Nc Punct Punct 
Punct R Nc Vni Af Nc R Cs Pp R Pc Nc Tx Nc Dd R Mc Punct 
Am Vxi R Nc R Punct Punct Am Hm Cp Hm Punct 
R Ps Vpi Nc Punct Cs Tn Vxi Nc R Punct Np Punct Punct 
Vpi Punct Cs Pp Vpp Punct R Pp R Nc Punct 
Vpi Punct Cs R Nc R Nc R Cp Nc 
Punct Vpp Hm Punct 
Punct Pr Vpp Mo Ps Nc R Np Punct Vxi Punct 
Am Vxi R Punct Cc Tn Dm Punct Cs Vxi Vpp Punct 
R Pp Vni Nc Pi Pp R Nc Punct 
An Vxi Tx Vpi Punct Pd Nc Punct 
R Np Vpp Punct Cs Vpi Nc R Nc R Np R Mo Nc Punct Cc Dq Vni Pn Dd Punct 
Dm Np Pp R Pf Nc R Af R Np Cp Dt Vxi Punct 
Hm Vpi R Np Nc R Nc 
Nc Tx Vpp R Am Nc Tx Vpp R Af Nc R An Nc R Nc Ps Punct 
Nc Vxi Tx Tn Pp Vpp Nc Ps R A Punct A R Pp Nc Punct 
Pd Vpp Nc Hm R Af Nc R Mo Nc R Nc R Af Nc R Af Nc Punct Np Punct Punct Pr Pp Vpp R Np Dt Punct 
Np Vpi Cp R Nc R Am Nc Punct R Nc R Np R Np Punct 
R Pp Pc Nc Nc Pp Vpi Dd Ps Nc Punct Vpp Dq Hm Punct 
Nc R Np R Np Vxi Np Punct Np Punct Np Punct Np Punct Np Cp Np Punct 
Nc R Nc Vpp Nc Mc R Nc 
Nc R Nc R Np Vpp R Mc Dt Punct R Vpp Nc R Nc Mc R Nc Punct Am Nc Punct Punct Vpp Np Punct 
Vpi Pp Nc R Nc R A Nc Tx Vpp R Nc Cp R Pp Punct Vpi Ps Nc Punct 
Nc R Nc Vxi Vpp R Nc R A Nc R Am Nc Punct Pr Vpi Punct Cs Nc R R Np Vxi Nc R Punct 
R Nc Cp Nc R Nc Vxi Pp Vpp Dq Punct Cc Nc Pp R R Punct Cs Pd Cp Af Nc R Np Pp Vpi A R A Nc Punct 
Nc R Nc R Np Vpp Dt Punct Cs Vpi Nc R Nc R Nc Cp Cs R Nc Vxi Am Md Am Nc Punct 
R Pp A Nc R R Nc R Nc Vxi Dq A Cp Np Vxi Vpp Pp Tx R Mc Nc Punct 
Tn Vxi Af Cp Tn Vpi A Punct Vpp Nc Np Hm R Ps Nc R Nc R Np Punct 
Nc R Ps Nc R A Nc Vxi Tx Vpi Nc R Pp R Vpi Af Nc Punct 
Nc R Nc Vxi Af R Pd Tx Vxi Punct Cp Nc R A Nc R Nc Ps Tx Vpi A Nc Punct 
R Tx Vpi R Np Punct Hm Pp Vpp Cp R Np Punct Am Nc Cp Np Punct 
Vpi Nc Vni Tx Vpp Nc R Nc Punct 
R Pd Nc Pp Np Punct Nc Cp Nc Hm Punct 
Nc Dd Vxi An R Nc Punct 
Nc Dd Vpi Nc R Punct Pr Vni R Nc Punct Vpp Dq Hm Punct 
Nc Tx Vpi Hm 
Nc R Nc Pp Vpp Punct Cs Vxi 
Nc Punct Pi Vxi Vxi Nc R Af Af Nc Punct Vpp R Nc Dt Punct 
Pd Vpp Nc R Nc R Nc Np Tx Vpp Nc Nc R An Nc Punct 
Mo Mc R R Nc Ps Tv Vpp Punct Cs Tn Vxi Vxi Punct R Tx Punct Vpp Hm Punct 
Pd Vxi Np Punct Np Punct Np Punct Nc Cp Np Punct 
Nc R Hm Cp R Nc R Np Vxi Vpp R Am Am Nc Np R Mc Nc R Nc R Nc R Nc Punct 
Pd Nc R Af Nc R Nc R Vpp Nc Punct Pr Nc Tn Vxi Vpp Punct 
Pd Nc R Hm Dm Vpp Punct 
Nc Pp Vpp R Nc Tx Vpp Nc R Hm R An Nc Cp Nc Punct 
R Nc R Np Hm Vpp Nc R Nc Punct 
Nc Vpi Nc Punct 
Vpp Pp Punct Cs Mc Nc R Np Punct Vpi Punct R Np Punct Pr Pp Vpp R Np Hm Punct 
Dd R Nc R Hm Pn Tn Vpp Tx Vpi Punct 
Cs Pp Vpi Punct Cs Pp Vni Tx Pp R Pp Punct Md Pp Punct Vpp Hm R Nc R Punct Hm Punct Mc Punct Pr Pp Vpp Pi Pp Vxi Nc Punct 
Nc Vpp Nc R Hm Punct Cs Nc R Nc Punct Vxi R A Nc Punct Cp Nc Ps R Np R Nc R Nc Vxi Nc Punct 
R Nc R Nc Np Pp Vpp Punct Cs Mc Nc R Nc Am Nc Cp Vpi Tx Pp Vpi Pi Pi Vxi Vpi Punct 
Nc R 
Nc R Nc R Punct Punct Vxi R Nc R R Np Punct Vpp Am Nc Dt Punct 
Nc Vxi Vpp Am Nc R Am Nc Punct 
Nc Dd Tn Vpi Tx Pp Punct Cs Nc R Vxi R Punct Cs Pp Vpi Nc R Nc R Nc Punct 
Vpp Nc Af Nc Vpp Nc Ps R Punct Cs Vxi Vpp Af Nc Punct 
Dt Dd Nc Vpp Nc R Punct 
R Pf Nc Punct Punct Vpp Mc Nc A Nc R Nc Punct 
Np Pp R Nc 
Np Vpi R Nc R Nc Punct Pp R Nc Nc Cp Nc Dm Mc Punct Vpp R Np Punct 
R Nc Nc Punct R Punct Pp R Punct 
Nc Vpp R Cp Vpp R Punct 
Pd Dd Vxi Tx Vpi Mc Nc Punct Pr Nc R Nc Punct 
Mc Nc Cp Nc Vxi R Nc Cp Vpp Punct 
R Nc Vxi Vpp Am Nc Vpi R Punct 
Vpp Pp Dd R Nc Punct 
Hm Tx Tn Pp R R Np 
Af Nc Nc R Np Dt Punct 
Cs Nc R Nc R Nc Vpi A Nc R Nc Hm Punct Pd Am Nc R A Nc Cp Nc R An Nc Punct Nc Ps R Nc Vpi Ti Punct Vpi Punct 
Cs Nc R A Nc Vxi R A Ps Punct Dt Vxi Af Nc Punct 
R Pp Am Vni Am Punct Cc Dm Vpi Punct Pr Pf Vyp Am Punct 
Dq Vxi Dd Punct Pr Pp R Nc Punct Cs Tn Vpi Pn Nc Punct 
Pi Pd Ps R Tx Vpp Nc Punct 
Dt Punct Dd Vxi Vpi Tx Vpp Nc R Nc Ps Punct Nc Punct 
Dt Punct Pr Te Tx Vxi Vxi R Nc R Nc Punct 
Pd Nc Tn Vxi R Hm Punct 
Dt Cp Dt Punct Dt Tn Pp Vxi Nc R R Nc R Np Punct 
Ti Np Vpi Am Nc Cp An Nc R Nc Punct 
 
Vpi Pp Nc Punct Ti Nc Punct 
Punct Mc Nc Punct Punct Nc Punct Np Punct 
Punct Vpi Pp Tx Pp Vpi Dq An Cp Tx Tn Pp Vpi Md R Ps Punct 
Nc Punct Mc Nc Punct Punct Punct Np Punct 
Punct Punct 
Cc Pr Nc Vpp Punct Tx Pp Dq Punct 
Pd Dt Vpi R Nc R Pc Punct 
Punct Mc Nc Punct Punct Nc Punct Np Punct 
Punct Pp Dd R Nc R Nc Punct 
Vpi Pp R Mc Nc Tx Vpp Punct Cs Pp Punct Cp R Pd Vpi A Nc Punct 
Punct Mc Nc Punct Punct Nc Punct Np Punct 
Cc Cs Vpp Nc Punct Vxi Punct 
Vpi Punct Cs Pd Nc Tx Pp Vpp Tx Pp Pi Tx Nc Punct 
Nc Hm Punct Mc Nc Punct Punct Nc Punct Np Punct 
Punct Tx Punct Punct 
Cc Nc Punct Cs Vpp Nc R Nc Punct Vxi Md Am Punct Cs Pd Vpi Nc R Ps Nc Punct 
Punct Mc Nc Punct Punct Nc Punct Np Punct 
Punct Tn Punct 
Cc Cs Vpp Pd Nc Punct Vxi Punct 
Cs Pp Vpp Dd R Nc Punct Vxi Vpp Tx Dt Punct 
Punct Mc Nc Punct Punct Nc Punct Np Punct 
Punct Vpi Pp Punct Cc R Nc R Mc Nc Tn Vpi Md Punct 
Vpi Pp Dd Tx Vni Nc R Pd R Mc Nc Punct 
Punct Mc Nc Punct Punct Nc Punct Np Punct 
Punct Tx Punct Punct 
Vpi Tx Tn Md Nc Punct Cs Tn Vpi Md Punct 
Np Punct Mc Nc Punct Punct Nc Punct Np Punct 
Punct Vpi Pp Punct 
Af Nc Dd Vxi Vpp Ps Nc R Nc Punct Cs Dm Tx Vxi R Nc Ti Vpi Nc Cp Tn Punct 
Punct Mc Nc Punct Punct Nc Punct Np Punct 
Punct R Nc Tn Md Nc Punct 
R Nc Tn Vxi Vpp Punct Cc Tn Vxi R Pd Pf Punct 
Np 
Nc R Nc 
R Af Nc Vpi Nc Punct Nc Cp An Nc R Nc Punct 
Pd Pp Vpi R Am Nc R Am Nc R R Mo Nc Punct Vpp R Np Punct 
R Nc Af Nc Vpp Nc R Mc Nc Punct R Pr Pp Vpi Nc R R Nc Nc R Nc Punct Pr Vni Tx Vpp R Nc R Mo Nc Punct 
Af Nc R Pd Nc Vpi Dd R Nc Punct Vpi Nc R Nc Punct 
Hm Vpp R Mc Nc R Np 
Nc Np Vpi R Nc R Nc Np R Mc Nc R Nc Np Punct 
Pd Vpp Nc Nc R Nc R An Vpp Nc R An Nc R Nc R Nc Punct 
Vpp Nc R Mc Nc R Dt R Mc Nc Punct Pr Vpi R An Nc R Punct Tx Vpp Pi Tn Vxi Vpp Am Nc Punct Pr Vpp R Nc R Nc Punct 
Tx Vpp A Pi Nc Cp Nc Vxi Pd Tx Vpp Punct Cs Tx Vpp Nc R Nc R Nc R Nc 
Punct Vpp Nc Punct 
Nc R Np Tx Vyp A R Nc Cp R Punct Vpp R Nc Punct 
Nc R Pp Vpi R Mc Nc R R Nc Punct 
Np Vpp Punct Np Punct Punct Np Punct R Nc R Punct Hm Punct 
Np Punct Punct Np Punct Vxi R Nc R Nc R Nc R Np Punct Punct Punct Vpp Dm R Am Punct 
Mo Nc Vxi Am Nc Punct Mo Nc Punct R Af Nc Punct 
Nc Vxi Vpi Pd Nc Nc R Punct Punct Punct 
Am Nc R Punct Hm Punct Nc R Np Dq Md Punct Punct Nc Punct Tx Vxi Nc R Mo Nc Punct 
Nc R Np Cp Np Np Vpp R Nc R Punct Hm Punct Punct Np Punct Punct Np Punct Punct 
Dm Dq Ti Vni Tx Pp Vpp 
Punct Tn Vpp Nc Ps Punct 
Punct An Vxi Tx Tn Pp Vpp Nc R Nc Punct Pr Vpp R Nc R Punct Punct Punct 
Dq Dt R Pd Nc R Nc Vni Nc 
Punct Vpp Pp Punct 
Am 
Punct Vpp Vxi Nc R Np Np Punct 
Punct Vpi Tx Pp Vpp A Nc Punct 
R Am Nc Vxi Am Nc R Punct Np Punct Np Punct Pr Vpp R Nc R Punct Np Punct Punct 
R Nc Pp Vpp R Nc R Nc Punct 
Punct Nc Hm Punct Am Ti Vxi R Punct 
Punct Dq Punct 
Vpp Pc Punct R R A Nc R Np Punct 
Punct Af Nc Vxi Np Punct Punct Np Punct Punct 
Pi R Mc Nc Vxi Nc R Pp Punct 
Punct Np Punct Vxi Nc R Punct Np Punct Punct 
Punct Nc R Nc Pp Vpi R Af Nc R Nc R Pp Punct 
Punct Pp Tx Pp Vxi Nc Punct 
Punct Dt Pp Vpp Punct Cs R Nc Tx Vpi Am Nc R Np Punct 
Punct Vni Tx Vpi Nc Punct Cs Dt Pp Nc R Punct 
Punct Nc R Np Vpp Ps Nc R Np Punct 
Pd Vpi Ti Punct Cs Tx Nc Cp A Nc R Np Punct 
Dt Vxi Vpp Punct Cs Nc Vni Tx Vxi Vpp R A Nc Punct Tx Vpi Punct 
Pd Vni Pn An R Punct Pr Vpi Np Punct 
Punct Pi Tx Vpp Pd Nc Punct 
Punct Nc Vxi Tx Vpi Nc Tn Dd R A Nc Punct Cp Cp R Af Nc Punct 
Mc Nc R Np Vpi Nc 
Mc Nc R Am Nc R Np R Nc Tx Vpp Ps Nc R R Nc Cp Nc Punct 
Dd R Np Cp Tx R Punct 
Pd Nc Pp Vpi Cp R Punct Np Punct Punct Pr R Nc Vpp Nc Ps R Punct Punct Punct Np Punct R Nc Punct Punct R Mc Punct Mc Punct 
Vpp Np 
Vpp Pp Nc 
Dm Pp Tx Vpp Nc Cp Tx Pp Vpi R Cp Ps Punct 
R Nc Pp Vpp R Af Punct Punct Cp Punct Cs Pp Vpp Tx Vpp Pp Nc R Punct 
Tn Pp Vpi Punct Cs Nc Pp Vpi R Punct Dm Pp Cp Dd Ps Nc Punct 
Cs Nc R Pp Vxi Cp Vpp R Nc Cp Nc Punct Pp Tx Vpp Nc R Punct Ps Nc Cp Nc Dt Tx Pp Vpp R Punct Cp Nc Punct 
Dd Tx Punct Cs Vxi Dd Punct Cc Vni Tx Vpi Nc Tx Vpi Pp R Ps Nc Punct 
R A Nc Nc Dd Vni Tx Vyp R Nc Ps Punct Cp R Pd Nc Cp Nc Ps Dt Tx Vxi Pp R Vpp Nc Punct An Ps Nc Cp Nc Punct Cp R Cp R Pp Pp Tx Vpi Ps Nc R Vpp R Pp Am Nc Punct 
Nc Ps R Pp Punct R Pp Cp R A Ps Nc R Am Cp Nc Nc R Nc Punct Cp R Af Ps Punct Cs Pp Vpp Tx Pp Vpp R Nc Cp An Ps Nc Punct 
Cs Pp Vpi A Punct Dm Tx Pp R Ps Nc Cp R Nc Ps Nc Punct 
Nc Dd Tx Pp Punct Cs Pd Nc Pp Vpi R Am Nc Punct Cs R Pp Vpi Nc Punct 
R Nc R Nc Tn Vxi Vpp Tx Vni An Nc R Nc R Nc Cp Nc R Vpi R Am Nc Punct 
R Nc R A A Nc Cp R Nc R Nc Tx Vpp An An Nc R Nc R R Mc Nc R Nc Punct Np Punct Punct 
Dm Vxi Tx Pp Vpi Cp A Nc R Nc R Nc R Nc Punct R Pr Vxi Vpp Am Nc Cp Nc R Nc Punct 
Nc Vxi Af Punct Cs Am Nc R Ps Vni Dt Nc Mc Nc Punct 
Af Nc Vxi R Nc Ps Nc Cp Punct Vpi A Nc R Nc R Nc Ps R A Punct 
Punct Pr Vxi R Mc Nc Nc Punct Cp Af Ps Vni Tx Pp R Mo Nc Punct 
Nc R Vpp Vxi R Af Nc R Af Nc Punct Cs Np Punct Nc R R Mo Ps Nc Punct Dt Vpi Mc Nc Nc R Nc Punct 
Nc Tn Vpi Tx Pp Punct Cs Ps Nc Vni Tx Vxi An Punct 
R Vxi R Nc R Np Punct 
Punct Vpp Nc R Nc Punct 
Punct Vpp Nc R Nc Punct 
R Nc R 
Nc Tx Pp Dd Nc R Nc R Punct Np Punct 
Nc Tx Pp Vpi R Ps R A Nc Punct R Punct 
Nc R Punct Pr Cp R R Punct Vpi Tx Vpp Punct Punct Punct Vpi Nc Punct Np Punct Punct 
R Mc Nc Pp Vpp R Nc Ps R Nc Cp Punct 
Vni A A Nc 
Nc Punct Pr An Nc Vpi R Mo Nc Punct Vni Mc A A Nc Punct Vpp Np Punct 
Pc R Nc R Vxi R An Nc Cp Vxi Vpp R Nc R Np Punct 
R Pc Ps Nc Pp Pp R Nc Cp R Am Nc R Nc Nc R Nc Punct 
Dt Nc R Mc Nc Vxi Vpp R Nc Ps R Np R Nc R Af Nc Punct 
Vpi Nc R Mo Nc 
Nc R Nc R Nc R Nc R Mo Nc Vpi Punct Cs R Nc R Nc Nc Pp Vpi Punct Cs Nc R Nc Punct 
Vpi R Nc Nc A 
Nc Nc A Cp A Punct Pr Tn Vxi Vpi A Nc R Md Nc Punct Tx Vpp Nc Ps Punct Nc Np Dt Punct 
Dq Tn Vxi Vpp A R R Mo Nc Cp A Nc R R Nc Punct Vpp Dq R Np Punct 
Nc Vxi Punct Cs An Nc Pp Vpi R Nc R Nc Punct Pr Tx Nc R Nc Punct 
Af Nc Vpi R Nc R Nc 
Af Nc R Mo Nc Nc Vpi R Nc R Nc R Nc Punct Vpi Nc Punct 
Nc Vpp Dt Nc R Np R Mo Nc Punct 
Nc R Nc Vxi Nc R Nc Cp R Nc Vpi Tx Pp Vpp A A Nc Punct Vpi R Nc Punct 
Am Nc R Am Mc Nc 
Am Nc Punct Punct R Punct Nc R Punct Np Punct Punct Vpp Nc R Dt Punct Vpp Af Nc R Nc Dt Punct 
Vpp Nc R Nc Nc Cp Dq Pp Punct 
Nc R Vxi R Nc R Nc Punct R Nc Punct 
A R Nc Punct 
Nc R R Af Nc R Nc R Vpi Nc R Nc Punct 
R Vpi Cp Nc Np Punct Np Punct Np Punct 
Am Nc Dt Vxi Pi Tx Pp Vpp Md Nc R R Af Nc Punct 
Pd Vpp Nc R Nc R A Nc Punct Punct R Pp R Nc Np Hm R Nc Ps Dt Punct 
Dt Vxi Dm Np Tx Vpp Nc R Vpi Af Nc R Vpi Nc R Np Punct Vpp Te Nc Punct 
Pd Tx Vpp R Nc R Nc Nc R Nc Ps Cp Tx Vyp Am Nc R Nc Punct Nc Punct 
Nc Punct Punct R Punct Punct Vni Pn An R Nc R Nc Punct Punct Punct 
Pd Vpp Dt Nc R Punct Am Am Nc Punct Punct R Pr Nc Pp Vpi A Nc R Pp Punct 
Nc Vxi R Punct Punct R Punct Punct Punct Cs R Nc Ps Tn Vxi Nc Punct Vpp R Am Nc R Nc Punct 
Dm Punct Punct Vpi Dd R Np Punct Vpp Punct 
Punct Punct Vpp R Af Nc Nc Punct R Pr Vpi Punct Punct R Nc Punct 
Am Vpp A Nc Cp Dq Vpp Tx Vpi 
Af Nc Vpp Punct Cs R Mo Nc R Mo Nc Nc Vxi Vxi An Mc Nc Punct 
R Mo Nc Pp Tn Vni Dd Punct R Cs Vxi Af R R R Nc Punct 
Vpi Nc Te Vpi Punct Cs Pd Nc R Nc Vxi Vni Tx Vxi Dm R Nc R Nc Punct 
Cs Nc R Nc Vxi R Nc R Nc Punct 
R A Nc Pp Dm Nc Punct Vpi Md Nc R Nc Punct Nc Ps Vpp A Nc Cp Vpi Md R Punct 
Pd Dd Vxi Dd R Nc 
Mc Nc Nc R Pp Vxi R Dq An R Nc Cp Nc R Punct 
Pp Cp Nc Punct Cp Nc Punct Cp Nc Tn Pn R R An Nc Punct 
Pd Pp Vpp Af Nc Punct R Nc Vxi Dd Am Punct Cs Pi Cp Nc Tx Pp Nc Punct Cs Vni Nc Punct 
Nc 
R A A Nc R Af Nc Nc R Nc Punct 
Dd Pp Cp R Nc Punct Pr Vxi Vpp R Nc Punct 
Cp Cs R Nc R Nc Pf Nc Pp Md R Mc Nc Punct R Nc R Mo Nc Pp Dt Pp Vpi R Mc Nc Punct R R Nc Vni Cp R Nc Punct 
Md Nc Cp Nc Punct Pr Vpi Punct Pp Vpi R Nc Punct Pd Nc R A Nc Pp Vpp Dm R Nc R Nc Punct 
A Nc 
Nc Am R Mc Nc Dl Punct 
R A Nc Nc Ps Vpp R Nc R Nc Punct Nc Punct Punct Pr Cp R Nc R A Nc R Pp Punct 
Nc R Mc Nc Vxi R R Mc Nc Punct 
Nc Punct Nc Punct Nc 
R A Nc R Nc R Nc R Nc R Nc R Nc Punct Af Nc Cp Nc Punct R Nc Nc Tn Pp Vpp Punct 
Nc Vxi Vpp Punct Nc Ps Vni Punct Te Cp R Am Nc Nc Vni Punct 
R Nc R Nc Vpp Cp R R Nc Cp Nc R Nc Punct 
R Cp R Md Punct Punct Cp Cp Pd Nc R Nc Af Nc Dm Dl Punct 
Vpp Nc R Nc R Nc Ps Punct 
Dm R Nc An Pp Cp Nc R Pc Cp Nc Punct 
R Pf Nc Vpi Punct Cs Nc Tx Vpp R Nc Punct Cc Pd Tn Pp Vpp Punct 
Dt Pp Vpi Punct Cs Pd Nc Tx Vyp R Nc Punct Cc R Pd Dt Pn Tn Vpi Punct 
Nc Cp Vpp Nc Ps R Ps Nc Punct 
Af Nc Nc Tx Tn Vxi Am Vxi Dm Nc R Nc Punct Nc Punct Punct Nc Cp Punct 
Nc R An Vpp Dl Mc Nc R Nc Punct R Nc Af Nc R Nc R Nc R Nc R Nc R R Mc Nc Dt Punct 
R Ps Mo Nc Nc Vxi Vpp Tx Cp Nc R Nc Punct Nc Punct Nc R Nc Punct Nc Punct Nc Punct Nc Punct 
Cp Pd Vxi Dm Punct Cs Af Nc Vxi Dq R Mc Nc Punct 
Nc Pp Vpi R A Nc 
A Nc Vpi R A Nc Nc R Mo Nc Cp Af Np Punct Dd Cp R Np Punct 
R A Mc Nc R Nc R A Cp A Nc Pp Vxi Vpp R Punct 
Nc Vpp A Nc Punct Punct Punct Nc R Nc Np Punct 
Nc R Nc Vxi R An Nc Punct R Nc Punct Punct 
R Nc R Nc Pp Punct Cs Vpi Nc R Nc Punct 
Nc Dd Vpi R Nc R Pc Vpp Nc R Nc Nc Mc Punct 
Nc Vxi Nc Punct R Pr Vpi Md Nc Punct 
Dq Nc R Mc Nc Vpi Punct Cs Np Vxi Nc R Pp Punct 
R Nc Nc Vpi R Nc R Nc Punct 
Nc Te Vpi Punct Cs Vxi Pd Punct Pr Vpi Nc Punct 
Dd Nc Vxi Pd Punct Pr Vpi Punct Cs Nc Vxi Am Nc Punct 
Dq Mc Nc Vpi Punct Cs Vpi R Nc Punct 
R Nc R Nc Nc Tn Vxi Vpi Te Nc Tx Pp R Am Ps Nc Punct 
R Nc An Nc Punct Pr Vni Tx Vpi Nc Punct Vxi Tx Tn Vpi R Ps Nc Punct 
Nc R Nc R Nc Ps R Np 
Nc R Mc Nc 
Nc Cp Am Nc R Np Np Hm Vxi Vpp R Nc Np R Nc Nc Punct Vpp Np Punct 
Am Nc Cp Nc R Af Nc Vxi Vpp R Mc Nc R Nc Ps R Nc Punct Punct Punct 
Pp Vxi R Mc Nc R Nc Punct Punct Punct 
Mc R Pp Vxi Vpp R Nc Punct 
Nc R Nc Punct 
Am Nc Pp Pp Vxi Vpp R Np Punct R Pd Vpi R Np Punct 
R A Nc Hm Md Am Nc Punct 
Pp Nc R Af Af Np Punct 
Vni Pp Punct Cs Vni Nc R Nc R Np Cp Punct 
Punct Punct Vxi Nc R Nc Punct Punct Punct 
Vni Pp Punct Cs Nc R Nc Vpi Tx Vxi Nc R Nc Punct 
R Np Punct Np Dd Vpp Am Nc R Nc Punct 
Nc Vpi Nc Punct Nc R Np Punct Cp Nc Punct Nc R Np Punct 
Nc Ps Vpi R R Np Punct 
Nc Nc Cp 
Nc Nc Cp R Np Dt Punct Vpp Np Punct 
Nc Vpp R Nc R Nc Mc R Nc Punct A Nc Punct R Nc Punct 
Vpp Cp Nc Vni Punct 
Nc Vxi Vpp R Nc R Af Nc R Nc Punct Punct Cp Nc Punct Punct Punct 
Nc R An Nc Vxi Am Punct 
R Mc Nc Pp Vpp R Nc Nc R Pp R R Punct 
Tn Vxi Vpi Nc 
Punct Vpp R Punct Np Punct Punct 
R Nc R 
Pc Nc R Nc R R Nc Tx Vyp R Nc R Am Am Nc Punct Vpp Nc Ps Np Punct 
Nc Vxi Nc R Np Punct Cs Dm Vxi Vxi Vpp R Nc Punct 
Vxi Vpp Tx Pp Vpp Pi Pp R Punct Punct 
Pd Vxi R Nc Punct Cs Am Nc Vpp R Nc R Punct 
Cs Tn Pp Vpp Np R Punct Vpi Nc R Nc 
R Af Nc Ps Nc Vpi R Af Nc Punct 
Vxi Punct Pf Vpi Tx Vxi Pp Punct 
Md A Dd Cp Af Nc R R Nc Cp R Nc R Am Nc Punct 
A Pn Vni Tx Vpi R Punct 
Cs R Nc Ps Nc Nc Dm Cp R Nc Punct 
Pd Cp Pd R Mo Nc Dt Punct Pr An Nc Pp Vpi Punct Vxi Am Tx Pp Punct 
R Pd Pd Pd A Nc Tx Vpi Punct Cp R Nc Punct Cs Vpi R A Nc Punct 
Cp Nc Ps R Pp Vxi Af Nc R Af Nc Punct Nc Punct Nc Cp Nc R R Pf Nc Punct 
Vni Pi Tx Pp Vpi Pd Pi R Nc R Nc Punct Pr Mc Nc Nc Punct Vni Pd Punct Pr Tn Dq Tn Vxi Vpp R An Punct 
Pf Tx Vpi R Nc R Np Punct Nc R Nc Punct Np Hm Punct Hm Punct Pp R Ps Nc Punct R Pr Punct Nc R Punct Punct Punct Np Punct Np Punct Punct Np Punct Np Punct Np Punct 
Dm R Pd Nc Vxi Punct Np Punct Punct Np Hm Punct Am Punct Punct Punct Np Punct Punct Punct Np Punct Punct 
R Nc R Nc Ps R Nc Pp Cp Nc Punct Pr Te Vxi R Af Nc Am Nc Nc Np Punct Am Nc Np Hm Punct Nc Am Nc Np Punct Np Punct 
Pf Cp Nc Dq Dt Pp Punct 
Am Cp Dm Pp Nc R R A Nc Punct R Pr Vpp An Nc Punct 
Dd Vpi R Nc R Af Nc Punct Nc R Nc Punct Cs Tn Pp Punct Vni Tx Punct Ps Punct Punct 
R Pp Vpp Cp Punct 
Pp Nc Dm Vpi R Dm Af Punct Pr Dl Dm Punct Pr Pp Vpi A Nc R Nc R Nc Cp Nc Punct 
Punct R Nc A Nc Punct Pp Vpi An R Nc R Punct 
Cc R Nc Dd Punct Cs Dq Pd Dm Pp Vpp Punct Cs Vpp Nc R Pp Nc Punct Cs Pp Vpp Cp Nc Punct 
Am Nc Nc R Np Punct Am R Hf Punct R Nc Cp R Nc R R Nc R Nc R Nc Te Vpp R An R Ps Punct 
R R Nc Pp Vpp An Ps Nc R Nc Punct 
R Nc R A Nc R Np Vpp Pd Punct 
Nc R Nc Punct Pr Nc Punct R Nc Punct Punct Punct Vxi Dq An Punct Cp Pd Vpi Punct 
Vpi Pp A Punct 
Vni Cp A Punct 
Cp Pp Vxi Pd Punct Pr Nc Dt Punct 
Pd Pf Punct Punct Pp Vpp R Np Cp Nc Ps Punct 
Pp Pp Vpp Punct Vpp Pp R Nc Cp Vpp Tx Pp Punct 
Cs Pp Nc Punct Tx Pp Vpp 
Punct Vpp Pd Hm Punct 
Nc Dd Vxi R Nc R Np Np Hm R Np Punct Pr Vpi Tx Vpi An Nc Punct 
Dm R Nc Np Punct R Pr Pp Nc R Punct Punct Punct 
Pd Dd Pn Tn Pp Vpi R A Nc Punct Pr Vpi Pp Pp R Np Punct Pp R Punct Cs Vpi Tx Vpp Nc Punct 
Cp Pd Pc Vxi Dm Punct Pr Vpi Nc Punct Pp Vpi Nc R Nc Punct 
Cp Cs Nc Vxi Tn Dq R Nc Punct Cp R Am Nc Punct Pp Vxi Pp Punct 
